<html>
<head>
<title>TestNG:  Test</title>
<link href="../testng.css" rel="stylesheet" type="text/css" />
<link href="../my-testng.css" rel="stylesheet" type="text/css" />

<style type="text/css">
.log { display: none;} 
.stack-trace { display: none;} 
</style>
<script type="text/javascript">
<!--
function flip(e) {
  current = e.style.display;
  if (current == 'block') {
    e.style.display = 'none';
    return 0;
  }
  else {
    e.style.display = 'block';
    return 1;
  }
}

function toggleBox(szDivId, elem, msg1, msg2)
{
  var res = -1;  if (document.getElementById) {
    res = flip(document.getElementById(szDivId));
  }
  else if (document.all) {
    // this is the way old msie versions work
    res = flip(document.all[szDivId]);
  }
  if(elem) {
    if(res == 0) elem.innerHTML = msg1; else elem.innerHTML = msg2;
  }

}

function toggleAllBoxes() {
  if (document.getElementsByTagName) {
    d = document.getElementsByTagName('div');
    for (i = 0; i < d.length; i++) {
      if (d[i].className == 'log') {
        flip(d[i]);
      }
    }
  }
}

// -->
</script>

</head>
<body>
<h2 align='center'>Test</h2><table border='1' align="center">
<tr>
<td>Tests passed/Failed/Skipped:</td><td>4/1/0</td>
</tr><tr>
<td>Started on:</td><td>Mon Aug 22 11:22:48 IST 2022</td>
</tr>
<tr><td>Total time:</td><td>105 seconds (105386 ms)</td>
</tr><tr>
<td>Included groups:</td><td></td>
</tr><tr>
<td>Excluded groups:</td><td></td>
</tr>
</table><p/>
<small><i>(Hover the method name to see the test class name)</i></small><p/>
<table width='100%' border='1' class='invocation-failed'>
<tr><td colspan='4' align='center'><b>FAILED TESTS</b></td></tr>
<tr><td><b>Test method</b></td>
<td width="30%"><b>Exception</b></td>
<td width="10%"><b>Time (seconds)</b></td>
<td><b>Instance</b></td>
</tr>
<tr>
<td title='Com.Automation.Test.TrainInfoTest.bookSuccessful()'><b>bookSuccessful</b><br>Test class: Com.Automation.Test.TrainInfoTest</td>
<td><div><pre>org.openqa.selenium.ElementClickInterceptedException: element click intercepted: Element &lt;button onclick=&quot;_ct(&amp;quot;TB_result_book_now&amp;quot;,&amp;quot;train&amp;quot;);&quot; class=&quot;bookNow pull-right fairdate-bookbtn &quot; data-avltype=&quot;1&quot; data-distance=&quot;232&quot; data-foodavlb=&quot;false&quot; data-totalduration=&quot;3:15&quot; data-arrivetime=&quot;03:40&quot; data-departtime=&quot;00:25&quot; data-avlbilitydate=&quot;25-8-2022&quot; data-avlbilitystatus=&quot;AVAILABLE-0001&quot; data-trainnameval=&quot;MAGADH EXPRESS&quot; data-jrndate=&quot;25-8-2022&quot; data-jrnclass=&quot;1A&quot; data-trainnoval=&quot;20802&quot; data-srcstname=&quot;TDL&quot; data-consnopt=&quot;false&quot; data-dstnstname=&quot;CNB&quot;&gt;...&lt;/button&gt; is not clickable at point (897, 578). Other element would receive the click: &lt;div class=&quot;detsect-details Mtr-detsect-details col-md-2 col-sm-2 paddL0 paddR0 paddT10 paddB10 TrnDuration&quot;&gt;...&lt;/div&gt;
  (Session info: chrome=104.0.5112.102)
Build info: version: &apos;3.141.59&apos;, revision: &apos;e82be7d358&apos;, time: &apos;2018-11-14T08:17:03&apos;
System info: host: &apos;DEL1-LHP-N82164&apos;, ip: &apos;192.168.1.8&apos;, os.name: &apos;Windows 10&apos;, os.arch: &apos;amd64&apos;, os.version: &apos;10.0&apos;, java.version: &apos;17.0.3&apos;
Driver info: org.openqa.selenium.chrome.ChromeDriver
Capabilities {acceptInsecureCerts: false, browserName: chrome, browserVersion: 104.0.5112.102, chrome: {chromedriverVersion: 104.0.5112.79 (3cf3e8c8a07d..., userDataDir: C:\Users\PRACHI~1.GUP\AppDa...}, goog:chromeOptions: {debuggerAddress: localhost:62494}, javascriptEnabled: true, networkConnectionEnabled: false, pageLoadStrategy: normal, platform: WINDOWS, platformName: WINDOWS, proxy: Proxy(), setWindowRect: true, strictFileInteractability: false, timeouts: {implicit: 0, pageLoad: 300000, script: 30000}, unhandledPromptBehavior: dismiss and notify, webauthn:extension:credBlob: true, webauthn:extension:largeBlob: true, webauthn:virtualAuthenticators: true}
Session ID: ad5b895689e4a847321cc35afaae23b9
	at org.openqa.selenium.remote.http.W3CHttpResponseCodec.createException(W3CHttpResponseCodec.java:187)
	at org.openqa.selenium.remote.http.W3CHttpResponseCodec.decode(W3CHttpResponseCodec.java:122)
	at org.openqa.selenium.remote.http.W3CHttpResponseCodec.decode(W3CHttpResponseCodec.java:49)
	at org.openqa.selenium.remote.HttpCommandExecutor.execute(HttpCommandExecutor.java:158)
	at org.openqa.selenium.remote.service.DriverCommandExecutor.execute(DriverCommandExecutor.java:83)
	at org.openqa.selenium.remote.RemoteWebDriver.execute(RemoteWebDriver.java:552)
	at org.openqa.selenium.remote.RemoteWebElement.execute(RemoteWebElement.java:285)
	at org.openqa.selenium.remote.RemoteWebElement.click(RemoteWebElement.java:84)
	at org.openqa.selenium.support.pagefactory.internal.LocatingElementHandler.invoke(LocatingElementHandler.java:51)
	at jdk.proxy2/jdk.proxy2.$Proxy12.click(Unknown Source)
	at Com.Automation.Pages.TrainBookPage.bookseat(TrainBookPage.java:32)
	at Com.Automation.Test.TrainInfoTest.bookSuccessful(TrainInfoTest.java:56)
	at java.base/java.util.ArrayList.forEach(ArrayList.java:1511)
... Removed 36 stack frames</pre></div><a href='#' onClick='toggleBox("stack-trace514453513", this, "Click to show all stack frames", "Click to hide stack frames")'>Click to show all stack frames</a>
<div class='stack-trace' id='stack-trace514453513'><pre>org.openqa.selenium.ElementClickInterceptedException: element click intercepted: Element &lt;button onclick=&quot;_ct(&amp;quot;TB_result_book_now&amp;quot;,&amp;quot;train&amp;quot;);&quot; class=&quot;bookNow pull-right fairdate-bookbtn &quot; data-avltype=&quot;1&quot; data-distance=&quot;232&quot; data-foodavlb=&quot;false&quot; data-totalduration=&quot;3:15&quot; data-arrivetime=&quot;03:40&quot; data-departtime=&quot;00:25&quot; data-avlbilitydate=&quot;25-8-2022&quot; data-avlbilitystatus=&quot;AVAILABLE-0001&quot; data-trainnameval=&quot;MAGADH EXPRESS&quot; data-jrndate=&quot;25-8-2022&quot; data-jrnclass=&quot;1A&quot; data-trainnoval=&quot;20802&quot; data-srcstname=&quot;TDL&quot; data-consnopt=&quot;false&quot; data-dstnstname=&quot;CNB&quot;&gt;...&lt;/button&gt; is not clickable at point (897, 578). Other element would receive the click: &lt;div class=&quot;detsect-details Mtr-detsect-details col-md-2 col-sm-2 paddL0 paddR0 paddT10 paddB10 TrnDuration&quot;&gt;...&lt;/div&gt;
  (Session info: chrome=104.0.5112.102)
Build info: version: &apos;3.141.59&apos;, revision: &apos;e82be7d358&apos;, time: &apos;2018-11-14T08:17:03&apos;
System info: host: &apos;DEL1-LHP-N82164&apos;, ip: &apos;192.168.1.8&apos;, os.name: &apos;Windows 10&apos;, os.arch: &apos;amd64&apos;, os.version: &apos;10.0&apos;, java.version: &apos;17.0.3&apos;
Driver info: org.openqa.selenium.chrome.ChromeDriver
Capabilities {acceptInsecureCerts: false, browserName: chrome, browserVersion: 104.0.5112.102, chrome: {chromedriverVersion: 104.0.5112.79 (3cf3e8c8a07d..., userDataDir: C:\Users\PRACHI~1.GUP\AppDa...}, goog:chromeOptions: {debuggerAddress: localhost:62494}, javascriptEnabled: true, networkConnectionEnabled: false, pageLoadStrategy: normal, platform: WINDOWS, platformName: WINDOWS, proxy: Proxy(), setWindowRect: true, strictFileInteractability: false, timeouts: {implicit: 0, pageLoad: 300000, script: 30000}, unhandledPromptBehavior: dismiss and notify, webauthn:extension:credBlob: true, webauthn:extension:largeBlob: true, webauthn:virtualAuthenticators: true}
Session ID: ad5b895689e4a847321cc35afaae23b9
	at java.base/jdk.internal.reflect.NativeConstructorAccessorImpl.newInstance0(Native Method)
	at java.base/jdk.internal.reflect.NativeConstructorAccessorImpl.newInstance(NativeConstructorAccessorImpl.java:77)
	at java.base/jdk.internal.reflect.DelegatingConstructorAccessorImpl.newInstance(DelegatingConstructorAccessorImpl.java:45)
	at java.base/java.lang.reflect.Constructor.newInstanceWithCaller(Constructor.java:499)
	at java.base/java.lang.reflect.Constructor.newInstance(Constructor.java:480)
	at org.openqa.selenium.remote.http.W3CHttpResponseCodec.createException(W3CHttpResponseCodec.java:187)
	at org.openqa.selenium.remote.http.W3CHttpResponseCodec.decode(W3CHttpResponseCodec.java:122)
	at org.openqa.selenium.remote.http.W3CHttpResponseCodec.decode(W3CHttpResponseCodec.java:49)
	at org.openqa.selenium.remote.HttpCommandExecutor.execute(HttpCommandExecutor.java:158)
	at org.openqa.selenium.remote.service.DriverCommandExecutor.execute(DriverCommandExecutor.java:83)
	at org.openqa.selenium.remote.RemoteWebDriver.execute(RemoteWebDriver.java:552)
	at org.openqa.selenium.remote.RemoteWebElement.execute(RemoteWebElement.java:285)
	at org.openqa.selenium.remote.RemoteWebElement.click(RemoteWebElement.java:84)
	at java.base/jdk.internal.reflect.NativeMethodAccessorImpl.invoke0(Native Method)
	at java.base/jdk.internal.reflect.NativeMethodAccessorImpl.invoke(NativeMethodAccessorImpl.java:77)
	at java.base/jdk.internal.reflect.DelegatingMethodAccessorImpl.invoke(DelegatingMethodAccessorImpl.java:43)
	at java.base/java.lang.reflect.Method.invoke(Method.java:568)
	at org.openqa.selenium.support.pagefactory.internal.LocatingElementHandler.invoke(LocatingElementHandler.java:51)
	at jdk.proxy2/jdk.proxy2.$Proxy12.click(Unknown Source)
	at Com.Automation.Pages.TrainBookPage.bookseat(TrainBookPage.java:32)
	at Com.Automation.Test.TrainInfoTest.bookSuccessful(TrainInfoTest.java:56)
	at java.base/jdk.internal.reflect.NativeMethodAccessorImpl.invoke0(Native Method)
	at java.base/jdk.internal.reflect.NativeMethodAccessorImpl.invoke(NativeMethodAccessorImpl.java:77)
	at java.base/jdk.internal.reflect.DelegatingMethodAccessorImpl.invoke(DelegatingMethodAccessorImpl.java:43)
	at java.base/java.lang.reflect.Method.invoke(Method.java:568)
	at org.testng.internal.MethodInvocationHelper.invokeMethod(MethodInvocationHelper.java:133)
	at org.testng.internal.TestInvoker.invokeMethod(TestInvoker.java:598)
	at org.testng.internal.TestInvoker.invokeTestMethod(TestInvoker.java:173)
	at org.testng.internal.MethodRunner.runInSequence(MethodRunner.java:46)
	at org.testng.internal.TestInvoker$MethodInvocationAgent.invoke(TestInvoker.java:824)
	at org.testng.internal.TestInvoker.invokeTestMethods(TestInvoker.java:146)
	at org.testng.internal.TestMethodWorker.invokeTestMethods(TestMethodWorker.java:146)
	at org.testng.internal.TestMethodWorker.run(TestMethodWorker.java:128)
	at java.base/java.util.ArrayList.forEach(ArrayList.java:1511)
	at org.testng.TestRunner.privateRun(TestRunner.java:794)
	at org.testng.TestRunner.run(TestRunner.java:596)
	at org.testng.SuiteRunner.runTest(SuiteRunner.java:377)
	at org.testng.SuiteRunner.runSequentially(SuiteRunner.java:371)
	at org.testng.SuiteRunner.privateRun(SuiteRunner.java:332)
	at org.testng.SuiteRunner.run(SuiteRunner.java:276)
	at org.testng.SuiteRunnerWorker.runSuite(SuiteRunnerWorker.java:53)
	at org.testng.SuiteRunnerWorker.run(SuiteRunnerWorker.java:96)
	at org.testng.TestNG.runSuitesSequentially(TestNG.java:1212)
	at org.testng.TestNG.runSuitesLocally(TestNG.java:1134)
	at org.testng.TestNG.runSuites(TestNG.java:1063)
	at org.testng.TestNG.run(TestNG.java:1031)
	at org.testng.remote.AbstractRemoteTestNG.run(AbstractRemoteTestNG.java:115)
	at org.testng.remote.RemoteTestNG.initAndRun(RemoteTestNG.java:251)
	at org.testng.remote.RemoteTestNG.main(RemoteTestNG.java:77)
</pre></div></td>
<td>17</td>
<td>Com.Automation.Test.TrainInfoTest@c333c60</td></tr>
</table><p>
<table width='100%' border='1' class='invocation-passed'>
<tr><td colspan='4' align='center'><b>PASSED TESTS</b></td></tr>
<tr><td><b>Test method</b></td>
<td width="30%"><b>Exception</b></td>
<td width="10%"><b>Time (seconds)</b></td>
<td><b>Instance</b></td>
</tr>
<tr>
<td title='Com.Automation.Test.TrainInfo2Test.bookSuccessful()'><b>bookSuccessful</b><br>Test class: Com.Automation.Test.TrainInfo2Test<br>Parameters: 2933@, 20$39-</td>
<td></td>
<td>19</td>
<td>Com.Automation.Test.TrainInfo2Test@7ea9e1e2</td></tr>
<tr>
<td title='Com.Automation.Test.TrainInfo3Test.bookTkt()'><b>bookTkt</b><br>Test class: Com.Automation.Test.TrainInfo3Test<br>Parameters: Agra Fort (AF), Kanpur Central (CNB), shubhamlogani1710, 2933@, 9639025834</td>
<td></td>
<td>21</td>
<td>Com.Automation.Test.TrainInfo3Test@24fcf36f</td></tr>
<tr>
<td title='Com.Automation.Test.TrainInfo3Test.bookTkt()'><b>bookTkt</b><br>Test class: Com.Automation.Test.TrainInfo3Test<br>Parameters: Agra Fort (AF), Kanpur Central (CNB), shubhamlogani1710, Prachi Gupta, 9639025834</td>
<td></td>
<td>17</td>
<td>Com.Automation.Test.TrainInfo3Test@24fcf36f</td></tr>
<tr>
<td title='Com.Automation.Test.TrainInfo2Test.bookSuccessful()'><b>bookSuccessful</b><br>Test class: Com.Automation.Test.TrainInfo2Test<br>Parameters: Agra Fort (AF), Kanpur Central (CNB)</td>
<td></td>
<td>23</td>
<td>Com.Automation.Test.TrainInfo2Test@7ea9e1e2</td></tr>
</table><p>
</body>
</html>