<?xml version="1.0" encoding="UTF-8"?>
<!-- Generated by org.testng.reporters.JUnitXMLReporter -->
<testsuite ignored="0" hostname="del1-lhp-n82164" failures="1" tests="5" name="Test" time="105.386" errors="0" timestamp="2022-08-22T11:24:33 IST">
  <testcase classname="Com.Automation.Test.TrainInfoTest" name="bookSuccessful" time="17.158">
    <failure type="org.openqa.selenium.ElementClickInterceptedException" message="element click intercepted: Element &amp;lt;button onclick=&amp;quot;_ct(&amp;amp;quot;TB_result_book_now&amp;amp;quot;,&amp;amp;quot;train&amp;amp;quot;);&amp;quot; class=&amp;quot;bookNow pull-right fairdate-bookbtn &amp;quot; data-avltype=&amp;quot;1&amp;quot; data-distance=&amp;quot;232&amp;quot; data-foodavlb=&amp;quot;false&amp;quot; data-totalduration=&amp;quot;3:15&amp;quot; data-arrivetime=&amp;quot;03:40&amp;quot; data-departtime=&amp;quot;00:25&amp;quot; data-avlbilitydate=&amp;quot;25-8-2022&amp;quot; data-avlbilitystatus=&amp;quot;AVAILABLE-0001&amp;quot; data-trainnameval=&amp;quot;MAGADH EXPRESS&amp;quot; data-jrndate=&amp;quot;25-8-2022&amp;quot; data-jrnclass=&amp;quot;1A&amp;quot; data-trainnoval=&amp;quot;20802&amp;quot; data-srcstname=&amp;quot;TDL&amp;quot; data-consnopt=&amp;quot;false&amp;quot; data-dstnstname=&amp;quot;CNB&amp;quot;&amp;gt;...&amp;lt;/button&amp;gt; is not clickable at point (897, 578). Other element would receive the click: &amp;lt;div class=&amp;quot;detsect-details Mtr-detsect-details col-md-2 col-sm-2 paddL0 paddR0 paddT10 paddB10 TrnDuration&amp;quot;&amp;gt;...&amp;lt;/div&amp;gt;
  (Session info: chrome=104.0.5112.102)
Build info: version: &amp;apos;3.141.59&amp;apos;, revision: &amp;apos;e82be7d358&amp;apos;, time: &amp;apos;2018-11-14T08:17:03&amp;apos;
System info: host: &amp;apos;DEL1-LHP-N82164&amp;apos;, ip: &amp;apos;192.168.1.8&amp;apos;, os.name: &amp;apos;Windows 10&amp;apos;, os.arch: &amp;apos;amd64&amp;apos;, os.version: &amp;apos;10.0&amp;apos;, java.version: &amp;apos;17.0.3&amp;apos;
Driver info: org.openqa.selenium.chrome.ChromeDriver
Capabilities {acceptInsecureCerts: false, browserName: chrome, browserVersion: 104.0.5112.102, chrome: {chromedriverVersion: 104.0.5112.79 (3cf3e8c8a07d..., userDataDir: C:\Users\PRACHI~1.GUP\AppDa...}, goog:chromeOptions: {debuggerAddress: localhost:62494}, javascriptEnabled: true, networkConnectionEnabled: false, pageLoadStrategy: normal, platform: WINDOWS, platformName: WINDOWS, proxy: Proxy(), setWindowRect: true, strictFileInteractability: false, timeouts: {implicit: 0, pageLoad: 300000, script: 30000}, unhandledPromptBehavior: dismiss and notify, webauthn:extension:credBlob: true, webauthn:extension:largeBlob: true, webauthn:virtualAuthenticators: true}
Session ID: ad5b895689e4a847321cc35afaae23b9">
      <![CDATA[org.openqa.selenium.ElementClickInterceptedException: element click intercepted: Element <button onclick="_ct(&quot;TB_result_book_now&quot;,&quot;train&quot;);" class="bookNow pull-right fairdate-bookbtn " data-avltype="1" data-distance="232" data-foodavlb="false" data-totalduration="3:15" data-arrivetime="03:40" data-departtime="00:25" data-avlbilitydate="25-8-2022" data-avlbilitystatus="AVAILABLE-0001" data-trainnameval="MAGADH EXPRESS" data-jrndate="25-8-2022" data-jrnclass="1A" data-trainnoval="20802" data-srcstname="TDL" data-consnopt="false" data-dstnstname="CNB">...</button> is not clickable at point (897, 578). Other element would receive the click: <div class="detsect-details Mtr-detsect-details col-md-2 col-sm-2 paddL0 paddR0 paddT10 paddB10 TrnDuration">...</div>
  (Session info: chrome=104.0.5112.102)
Build info: version: '3.141.59', revision: 'e82be7d358', time: '2018-11-14T08:17:03'
System info: host: 'DEL1-LHP-N82164', ip: '192.168.1.8', os.name: 'Windows 10', os.arch: 'amd64', os.version: '10.0', java.version: '17.0.3'
Driver info: org.openqa.selenium.chrome.ChromeDriver
Capabilities {acceptInsecureCerts: false, browserName: chrome, browserVersion: 104.0.5112.102, chrome: {chromedriverVersion: 104.0.5112.79 (3cf3e8c8a07d..., userDataDir: C:\Users\PRACHI~1.GUP\AppDa...}, goog:chromeOptions: {debuggerAddress: localhost:62494}, javascriptEnabled: true, networkConnectionEnabled: false, pageLoadStrategy: normal, platform: WINDOWS, platformName: WINDOWS, proxy: Proxy(), setWindowRect: true, strictFileInteractability: false, timeouts: {implicit: 0, pageLoad: 300000, script: 30000}, unhandledPromptBehavior: dismiss and notify, webauthn:extension:credBlob: true, webauthn:extension:largeBlob: true, webauthn:virtualAuthenticators: true}
Session ID: ad5b895689e4a847321cc35afaae23b9
at org.openqa.selenium.remote.http.W3CHttpResponseCodec.createException(W3CHttpResponseCodec.java:187)
at org.openqa.selenium.remote.http.W3CHttpResponseCodec.decode(W3CHttpResponseCodec.java:122)
at org.openqa.selenium.remote.http.W3CHttpResponseCodec.decode(W3CHttpResponseCodec.java:49)
at org.openqa.selenium.remote.HttpCommandExecutor.execute(HttpCommandExecutor.java:158)
at org.openqa.selenium.remote.service.DriverCommandExecutor.execute(DriverCommandExecutor.java:83)
at org.openqa.selenium.remote.RemoteWebDriver.execute(RemoteWebDriver.java:552)
at org.openqa.selenium.remote.RemoteWebElement.execute(RemoteWebElement.java:285)
at org.openqa.selenium.remote.RemoteWebElement.click(RemoteWebElement.java:84)
at org.openqa.selenium.support.pagefactory.internal.LocatingElementHandler.invoke(LocatingElementHandler.java:51)
at jdk.proxy2/jdk.proxy2.$Proxy12.click(Unknown Source)
at Com.Automation.Pages.TrainBookPage.bookseat(TrainBookPage.java:32)
at Com.Automation.Test.TrainInfoTest.bookSuccessful(TrainInfoTest.java:56)
at java.base/java.util.ArrayList.forEach(ArrayList.java:1511)
... Removed 36 stack frames]]>
    </failure>
  </testcase> <!-- bookSuccessful -->
  <testcase classname="Com.Automation.Test.TrainInfo2Test" name="bookSuccessful" time="23.149"/>
  <testcase classname="Com.Automation.Test.TrainInfo2Test" name="bookSuccessful" time="19.202"/>
  <testcase classname="Com.Automation.Test.TrainInfo3Test" name="bookTkt" time="21.561"/>
  <testcase classname="Com.Automation.Test.TrainInfo3Test" name="bookTkt" time="17.518"/>
</testsuite> <!-- Test -->
